<?xml version="1.0" encoding="UTF-8"?>
<!-- Generated by org.testng.reporters.JUnitReportReporter -->
<testsuite hostname="DESKTOP-OBO2JJ9" failures="0" tests="1" name="git_practise1.Demo" time="0.016" errors="0" timestamp="2021-11-11T14:29:13 IST" skipped="0">
  <testcase classname="git_practise1.Demo" name="createTest" time="0.016"/>
  <system-out/>
</testsuite> <!-- git_practise1.Demo -->
