<?xml version="1.0" encoding="UTF-8"?>
<!-- Generated by org.testng.reporters.JUnitReportReporter -->
<testsuite skipped="0" hostname="reddy" name="git_practise1.Demo" tests="1" failures="0" timestamp="2021-11-12T14:54:13 IST" time="0.022" errors="0">
  <testcase name="createTest" time="0.022" classname="git_practise1.Demo"/>
  <system-out/>
</testsuite> <!-- git_practise1.Demo -->
