<?xml version="1.0" encoding="UTF-8"?>
<!-- Generated by org.testng.reporters.JUnitReportReporter -->
<testsuite skipped="0" hostname="reddy" name="git_practise1.Demo2" tests="1" failures="0" timestamp="2021-11-11T12:57:53 IST" time="0.018" errors="0">
  <testcase name="createTest2" time="0.018" classname="git_practise1.Demo2"/>
  <system-out/>
</testsuite> <!-- git_practise1.Demo2 -->
